<?xml version="1.0" encoding="UTF-8"?>
<testng-results ignored="0" total="14" passed="11" failed="3" skipped="0">
  <reporter-output>
  </reporter-output>
  <suite started-at="2022-12-14T22:46:44 ICT" name="Default suite" finished-at="2022-12-14T22:47:04 ICT" duration-ms="19467">
    <groups>
    </groups>
    <test started-at="2022-12-14T22:46:44 ICT" name="Default test" finished-at="2022-12-14T22:47:04 ICT" duration-ms="19467">
      <class name="RunTest.TestUpdateAccount">
        <test-method is-config="true" signature="SetUp()[pri:0, instance:RunTest.TestUpdateAccount@28f3b248]" started-at="2022-12-14T22:46:44 ICT" name="SetUp" finished-at="2022-12-14T22:46:55 ICT" duration-ms="10154" status="PASS">
          <reporter-output>
          </reporter-output>
        </test-method> <!-- SetUp -->
        <test-method signature="ChangePassword([Ljava.lang.String;)[pri:0, instance:RunTest.TestUpdateAccount@28f3b248]" started-at="2022-12-14T22:46:56 ICT" name="ChangePassword" data-provider="getData" finished-at="2022-12-14T22:46:56 ICT" duration-ms="591" status="FAIL">
          <params>
            <param index="0">
              <value>
                <![CDATA[[Ljava.lang.String;@1416ff46]]>
              </value>
            </param>
          </params>
          <exception class="java.lang.AssertionError">
            <message>
              <![CDATA[expected [Your login is required] but found [Your old password is required]]]>
            </message>
            <full-stacktrace>
              <![CDATA[java.lang.AssertionError: expected [Your login is required] but found [Your old password is required]
at org.testng.Assert.fail(Assert.java:99)
at org.testng.Assert.failNotEquals(Assert.java:1037)
at org.testng.Assert.assertEqualsImpl(Assert.java:140)
at org.testng.Assert.assertEquals(Assert.java:122)
at org.testng.Assert.assertEquals(Assert.java:629)
at org.testng.Assert.assertEquals(Assert.java:639)
at RunTest.TestUpdateAccount.ChangePassword(TestUpdateAccount.java:53)
at java.base/jdk.internal.reflect.NativeMethodAccessorImpl.invoke0(Native Method)
at java.base/jdk.internal.reflect.NativeMethodAccessorImpl.invoke(NativeMethodAccessorImpl.java:77)
at java.base/jdk.internal.reflect.DelegatingMethodAccessorImpl.invoke(DelegatingMethodAccessorImpl.java:43)
at java.base/java.lang.reflect.Method.invoke(Method.java:568)
at org.testng.internal.MethodInvocationHelper.invokeMethod(MethodInvocationHelper.java:133)
at org.testng.internal.TestInvoker.invokeMethod(TestInvoker.java:598)
at org.testng.internal.TestInvoker.invokeTestMethod(TestInvoker.java:173)
at org.testng.internal.MethodRunner.runInSequence(MethodRunner.java:46)
at org.testng.internal.TestInvoker$MethodInvocationAgent.invoke(TestInvoker.java:824)
at org.testng.internal.TestInvoker.invokeTestMethods(TestInvoker.java:146)
at org.testng.internal.TestMethodWorker.invokeTestMethods(TestMethodWorker.java:146)
at org.testng.internal.TestMethodWorker.run(TestMethodWorker.java:128)
at java.base/java.util.ArrayList.forEach(ArrayList.java:1511)
at org.testng.TestRunner.privateRun(TestRunner.java:794)
at org.testng.TestRunner.run(TestRunner.java:596)
at org.testng.SuiteRunner.runTest(SuiteRunner.java:377)
at org.testng.SuiteRunner.runSequentially(SuiteRunner.java:371)
at org.testng.SuiteRunner.privateRun(SuiteRunner.java:332)
at org.testng.SuiteRunner.run(SuiteRunner.java:276)
at org.testng.SuiteRunnerWorker.runSuite(SuiteRunnerWorker.java:53)
at org.testng.SuiteRunnerWorker.run(SuiteRunnerWorker.java:96)
at org.testng.TestNG.runSuitesSequentially(TestNG.java:1212)
at org.testng.TestNG.runSuitesLocally(TestNG.java:1134)
at org.testng.TestNG.runSuites(TestNG.java:1063)
at org.testng.TestNG.run(TestNG.java:1031)
at org.testng.remote.AbstractRemoteTestNG.run(AbstractRemoteTestNG.java:115)
at org.testng.remote.RemoteTestNG.initAndRun(RemoteTestNG.java:251)
at org.testng.remote.RemoteTestNG.main(RemoteTestNG.java:77)
]]>
            </full-stacktrace>
          </exception> <!-- java.lang.AssertionError -->
          <reporter-output>
          </reporter-output>
        </test-method> <!-- ChangePassword -->
        <test-method is-config="true" signature="ClearUsername()[pri:0, instance:RunTest.TestUpdateAccount@28f3b248]" started-at="2022-12-14T22:46:56 ICT" name="ClearUsername" finished-at="2022-12-14T22:46:56 ICT" duration-ms="43" status="PASS">
          <reporter-output>
          </reporter-output>
        </test-method> <!-- ClearUsername -->
        <test-method signature="ChangePassword([Ljava.lang.String;)[pri:0, instance:RunTest.TestUpdateAccount@28f3b248]" started-at="2022-12-14T22:46:56 ICT" name="ChangePassword" data-provider="getData" finished-at="2022-12-14T22:46:57 ICT" duration-ms="474" status="PASS">
          <params>
            <param index="0">
              <value>
                <![CDATA[[Ljava.lang.String;@54af3cb9]]>
              </value>
            </param>
          </params>
          <reporter-output>
          </reporter-output>
        </test-method> <!-- ChangePassword -->
        <test-method is-config="true" signature="ClearUsername()[pri:0, instance:RunTest.TestUpdateAccount@28f3b248]" started-at="2022-12-14T22:46:57 ICT" name="ClearUsername" finished-at="2022-12-14T22:46:57 ICT" duration-ms="40" status="PASS">
          <reporter-output>
          </reporter-output>
        </test-method> <!-- ClearUsername -->
        <test-method signature="ChangePassword([Ljava.lang.String;)[pri:0, instance:RunTest.TestUpdateAccount@28f3b248]" started-at="2022-12-14T22:46:57 ICT" name="ChangePassword" data-provider="getData" finished-at="2022-12-14T22:46:57 ICT" duration-ms="378" status="FAIL">
          <params>
            <param index="0">
              <value>
                <![CDATA[[Ljava.lang.String;@489bc8fd]]>
              </value>
            </param>
          </params>
          <exception class="java.lang.AssertionError">
            <message>
              <![CDATA[expected [Your login is required] but found [Passwords mismatch]]]>
            </message>
            <full-stacktrace>
              <![CDATA[java.lang.AssertionError: expected [Your login is required] but found [Passwords mismatch]
at org.testng.Assert.fail(Assert.java:99)
at org.testng.Assert.failNotEquals(Assert.java:1037)
at org.testng.Assert.assertEqualsImpl(Assert.java:140)
at org.testng.Assert.assertEquals(Assert.java:122)
at org.testng.Assert.assertEquals(Assert.java:629)
at org.testng.Assert.assertEquals(Assert.java:639)
at RunTest.TestUpdateAccount.ChangePassword(TestUpdateAccount.java:53)
at java.base/jdk.internal.reflect.NativeMethodAccessorImpl.invoke0(Native Method)
at java.base/jdk.internal.reflect.NativeMethodAccessorImpl.invoke(NativeMethodAccessorImpl.java:77)
at java.base/jdk.internal.reflect.DelegatingMethodAccessorImpl.invoke(DelegatingMethodAccessorImpl.java:43)
at java.base/java.lang.reflect.Method.invoke(Method.java:568)
at org.testng.internal.MethodInvocationHelper.invokeMethod(MethodInvocationHelper.java:133)
at org.testng.internal.TestInvoker.invokeMethod(TestInvoker.java:598)
at org.testng.internal.TestInvoker.invokeTestMethod(TestInvoker.java:173)
at org.testng.internal.MethodRunner.runInSequence(MethodRunner.java:46)
at org.testng.internal.TestInvoker$MethodInvocationAgent.invoke(TestInvoker.java:824)
at org.testng.internal.TestInvoker.invokeTestMethods(TestInvoker.java:146)
at org.testng.internal.TestMethodWorker.invokeTestMethods(TestMethodWorker.java:146)
at org.testng.internal.TestMethodWorker.run(TestMethodWorker.java:128)
at java.base/java.util.ArrayList.forEach(ArrayList.java:1511)
at org.testng.TestRunner.privateRun(TestRunner.java:794)
at org.testng.TestRunner.run(TestRunner.java:596)
at org.testng.SuiteRunner.runTest(SuiteRunner.java:377)
at org.testng.SuiteRunner.runSequentially(SuiteRunner.java:371)
at org.testng.SuiteRunner.privateRun(SuiteRunner.java:332)
at org.testng.SuiteRunner.run(SuiteRunner.java:276)
at org.testng.SuiteRunnerWorker.runSuite(SuiteRunnerWorker.java:53)
at org.testng.SuiteRunnerWorker.run(SuiteRunnerWorker.java:96)
at org.testng.TestNG.runSuitesSequentially(TestNG.java:1212)
at org.testng.TestNG.runSuitesLocally(TestNG.java:1134)
at org.testng.TestNG.runSuites(TestNG.java:1063)
at org.testng.TestNG.run(TestNG.java:1031)
at org.testng.remote.AbstractRemoteTestNG.run(AbstractRemoteTestNG.java:115)
at org.testng.remote.RemoteTestNG.initAndRun(RemoteTestNG.java:251)
at org.testng.remote.RemoteTestNG.main(RemoteTestNG.java:77)
]]>
            </full-stacktrace>
          </exception> <!-- java.lang.AssertionError -->
          <reporter-output>
          </reporter-output>
        </test-method> <!-- ChangePassword -->
        <test-method is-config="true" signature="ClearUsername()[pri:0, instance:RunTest.TestUpdateAccount@28f3b248]" started-at="2022-12-14T22:46:57 ICT" name="ClearUsername" finished-at="2022-12-14T22:46:57 ICT" duration-ms="40" status="PASS">
          <reporter-output>
          </reporter-output>
        </test-method> <!-- ClearUsername -->
        <test-method signature="ChangePassword([Ljava.lang.String;)[pri:0, instance:RunTest.TestUpdateAccount@28f3b248]" started-at="2022-12-14T22:46:57 ICT" name="ChangePassword" data-provider="getData" finished-at="2022-12-14T22:46:58 ICT" duration-ms="579" status="PASS">
          <params>
            <param index="0">
              <value>
                <![CDATA[[Ljava.lang.String;@531ec978]]>
              </value>
            </param>
          </params>
          <reporter-output>
          </reporter-output>
        </test-method> <!-- ChangePassword -->
        <test-method is-config="true" signature="ClearUsername()[pri:0, instance:RunTest.TestUpdateAccount@28f3b248]" started-at="2022-12-14T22:46:58 ICT" name="ClearUsername" finished-at="2022-12-14T22:46:58 ICT" duration-ms="42" status="PASS">
          <reporter-output>
          </reporter-output>
        </test-method> <!-- ClearUsername -->
        <test-method signature="ChangePassword([Ljava.lang.String;)[pri:0, instance:RunTest.TestUpdateAccount@28f3b248]" started-at="2022-12-14T22:46:58 ICT" name="ChangePassword" data-provider="getData" finished-at="2022-12-14T22:46:58 ICT" duration-ms="464" status="PASS">
          <params>
            <param index="0">
              <value>
                <![CDATA[[Ljava.lang.String;@93501be]]>
              </value>
            </param>
          </params>
          <reporter-output>
          </reporter-output>
        </test-method> <!-- ChangePassword -->
        <test-method is-config="true" signature="ClearUsername()[pri:0, instance:RunTest.TestUpdateAccount@28f3b248]" started-at="2022-12-14T22:46:58 ICT" name="ClearUsername" finished-at="2022-12-14T22:46:58 ICT" duration-ms="48" status="PASS">
          <reporter-output>
          </reporter-output>
        </test-method> <!-- ClearUsername -->
        <test-method signature="ChangePassword([Ljava.lang.String;)[pri:0, instance:RunTest.TestUpdateAccount@28f3b248]" started-at="2022-12-14T22:46:58 ICT" name="ChangePassword" data-provider="getData" finished-at="2022-12-14T22:46:59 ICT" duration-ms="565" status="PASS">
          <params>
            <param index="0">
              <value>
                <![CDATA[[Ljava.lang.String;@5ac53c06]]>
              </value>
            </param>
          </params>
          <reporter-output>
          </reporter-output>
        </test-method> <!-- ChangePassword -->
        <test-method is-config="true" signature="ClearUsername()[pri:0, instance:RunTest.TestUpdateAccount@28f3b248]" started-at="2022-12-14T22:46:59 ICT" name="ClearUsername" finished-at="2022-12-14T22:46:59 ICT" duration-ms="46" status="PASS">
          <reporter-output>
          </reporter-output>
        </test-method> <!-- ClearUsername -->
        <test-method signature="ChangePassword([Ljava.lang.String;)[pri:0, instance:RunTest.TestUpdateAccount@28f3b248]" started-at="2022-12-14T22:46:59 ICT" name="ChangePassword" data-provider="getData" finished-at="2022-12-14T22:46:59 ICT" duration-ms="435" status="PASS">
          <params>
            <param index="0">
              <value>
                <![CDATA[[Ljava.lang.String;@48581a3b]]>
              </value>
            </param>
          </params>
          <reporter-output>
          </reporter-output>
        </test-method> <!-- ChangePassword -->
        <test-method is-config="true" signature="ClearUsername()[pri:0, instance:RunTest.TestUpdateAccount@28f3b248]" started-at="2022-12-14T22:46:59 ICT" name="ClearUsername" finished-at="2022-12-14T22:46:59 ICT" duration-ms="45" status="PASS">
          <reporter-output>
          </reporter-output>
        </test-method> <!-- ClearUsername -->
        <test-method signature="ChangePassword([Ljava.lang.String;)[pri:0, instance:RunTest.TestUpdateAccount@28f3b248]" started-at="2022-12-14T22:46:59 ICT" name="ChangePassword" data-provider="getData" finished-at="2022-12-14T22:47:00 ICT" duration-ms="474" status="PASS">
          <params>
            <param index="0">
              <value>
                <![CDATA[[Ljava.lang.String;@11d4d979]]>
              </value>
            </param>
          </params>
          <reporter-output>
          </reporter-output>
        </test-method> <!-- ChangePassword -->
        <test-method is-config="true" signature="ClearUsername()[pri:0, instance:RunTest.TestUpdateAccount@28f3b248]" started-at="2022-12-14T22:47:00 ICT" name="ClearUsername" finished-at="2022-12-14T22:47:00 ICT" duration-ms="83" status="PASS">
          <reporter-output>
          </reporter-output>
        </test-method> <!-- ClearUsername -->
        <test-method signature="ChangePassword([Ljava.lang.String;)[pri:0, instance:RunTest.TestUpdateAccount@28f3b248]" started-at="2022-12-14T22:47:00 ICT" name="ChangePassword" data-provider="getData" finished-at="2022-12-14T22:47:00 ICT" duration-ms="464" status="PASS">
          <params>
            <param index="0">
              <value>
                <![CDATA[[Ljava.lang.String;@236fdf]]>
              </value>
            </param>
          </params>
          <reporter-output>
          </reporter-output>
        </test-method> <!-- ChangePassword -->
        <test-method is-config="true" signature="ClearUsername()[pri:0, instance:RunTest.TestUpdateAccount@28f3b248]" started-at="2022-12-14T22:47:00 ICT" name="ClearUsername" finished-at="2022-12-14T22:47:01 ICT" duration-ms="38" status="PASS">
          <reporter-output>
          </reporter-output>
        </test-method> <!-- ClearUsername -->
        <test-method signature="ResetPassword([Ljava.lang.String;)[pri:1, instance:RunTest.TestUpdateAccount@28f3b248]" started-at="2022-12-14T22:47:01 ICT" name="ResetPassword" data-provider="getData" finished-at="2022-12-14T22:47:01 ICT" duration-ms="592" status="PASS">
          <params>
            <param index="0">
              <value>
                <![CDATA[[Ljava.lang.String;@653fb8d1]]>
              </value>
            </param>
          </params>
          <reporter-output>
          </reporter-output>
        </test-method> <!-- ResetPassword -->
        <test-method is-config="true" signature="ClearUsername()[pri:0, instance:RunTest.TestUpdateAccount@28f3b248]" started-at="2022-12-14T22:47:01 ICT" name="ClearUsername" finished-at="2022-12-14T22:47:01 ICT" duration-ms="37" status="PASS">
          <reporter-output>
          </reporter-output>
        </test-method> <!-- ClearUsername -->
        <test-method signature="ResetPassword([Ljava.lang.String;)[pri:1, instance:RunTest.TestUpdateAccount@28f3b248]" started-at="2022-12-14T22:47:01 ICT" name="ResetPassword" data-provider="getData" finished-at="2022-12-14T22:47:02 ICT" duration-ms="586" status="PASS">
          <params>
            <param index="0">
              <value>
                <![CDATA[[Ljava.lang.String;@16e99306]]>
              </value>
            </param>
          </params>
          <reporter-output>
          </reporter-output>
        </test-method> <!-- ResetPassword -->
        <test-method is-config="true" signature="ClearUsername()[pri:0, instance:RunTest.TestUpdateAccount@28f3b248]" started-at="2022-12-14T22:47:02 ICT" name="ClearUsername" finished-at="2022-12-14T22:47:02 ICT" duration-ms="38" status="PASS">
          <reporter-output>
          </reporter-output>
        </test-method> <!-- ClearUsername -->
        <test-method signature="ResetPassword([Ljava.lang.String;)[pri:1, instance:RunTest.TestUpdateAccount@28f3b248]" started-at="2022-12-14T22:47:02 ICT" name="ResetPassword" data-provider="getData" finished-at="2022-12-14T22:47:02 ICT" duration-ms="567" status="FAIL">
          <params>
            <param index="0">
              <value>
                <![CDATA[[Ljava.lang.String;@4c531172]]>
              </value>
            </param>
          </params>
          <exception class="java.lang.AssertionError">
            <message>
              <![CDATA[expected [Login or password incorrect] but found [The alternative email address does not match the submitted user name]]]>
            </message>
            <full-stacktrace>
              <![CDATA[java.lang.AssertionError: expected [Login or password incorrect] but found [The alternative email address does not match the submitted user name]
at org.testng.Assert.fail(Assert.java:99)
at org.testng.Assert.failNotEquals(Assert.java:1037)
at org.testng.Assert.assertEqualsImpl(Assert.java:140)
at org.testng.Assert.assertEquals(Assert.java:122)
at org.testng.Assert.assertEquals(Assert.java:629)
at org.testng.Assert.assertEquals(Assert.java:639)
at RunTest.TestUpdateAccount.ResetPassword(TestUpdateAccount.java:69)
at java.base/jdk.internal.reflect.NativeMethodAccessorImpl.invoke0(Native Method)
at java.base/jdk.internal.reflect.NativeMethodAccessorImpl.invoke(NativeMethodAccessorImpl.java:77)
at java.base/jdk.internal.reflect.DelegatingMethodAccessorImpl.invoke(DelegatingMethodAccessorImpl.java:43)
at java.base/java.lang.reflect.Method.invoke(Method.java:568)
at org.testng.internal.MethodInvocationHelper.invokeMethod(MethodInvocationHelper.java:133)
at org.testng.internal.TestInvoker.invokeMethod(TestInvoker.java:598)
at org.testng.internal.TestInvoker.invokeTestMethod(TestInvoker.java:173)
at org.testng.internal.MethodRunner.runInSequence(MethodRunner.java:46)
at org.testng.internal.TestInvoker$MethodInvocationAgent.invoke(TestInvoker.java:824)
at org.testng.internal.TestInvoker.invokeTestMethods(TestInvoker.java:146)
at org.testng.internal.TestMethodWorker.invokeTestMethods(TestMethodWorker.java:146)
at org.testng.internal.TestMethodWorker.run(TestMethodWorker.java:128)
at java.base/java.util.ArrayList.forEach(ArrayList.java:1511)
at org.testng.TestRunner.privateRun(TestRunner.java:794)
at org.testng.TestRunner.run(TestRunner.java:596)
at org.testng.SuiteRunner.runTest(SuiteRunner.java:377)
at org.testng.SuiteRunner.runSequentially(SuiteRunner.java:371)
at org.testng.SuiteRunner.privateRun(SuiteRunner.java:332)
at org.testng.SuiteRunner.run(SuiteRunner.java:276)
at org.testng.SuiteRunnerWorker.runSuite(SuiteRunnerWorker.java:53)
at org.testng.SuiteRunnerWorker.run(SuiteRunnerWorker.java:96)
at org.testng.TestNG.runSuitesSequentially(TestNG.java:1212)
at org.testng.TestNG.runSuitesLocally(TestNG.java:1134)
at org.testng.TestNG.runSuites(TestNG.java:1063)
at org.testng.TestNG.run(TestNG.java:1031)
at org.testng.remote.AbstractRemoteTestNG.run(AbstractRemoteTestNG.java:115)
at org.testng.remote.RemoteTestNG.initAndRun(RemoteTestNG.java:251)
at org.testng.remote.RemoteTestNG.main(RemoteTestNG.java:77)
]]>
            </full-stacktrace>
          </exception> <!-- java.lang.AssertionError -->
          <reporter-output>
          </reporter-output>
        </test-method> <!-- ResetPassword -->
        <test-method is-config="true" signature="ClearUsername()[pri:0, instance:RunTest.TestUpdateAccount@28f3b248]" started-at="2022-12-14T22:47:02 ICT" name="ClearUsername" finished-at="2022-12-14T22:47:02 ICT" duration-ms="38" status="PASS">
          <reporter-output>
          </reporter-output>
        </test-method> <!-- ClearUsername -->
        <test-method signature="ResetPassword([Ljava.lang.String;)[pri:1, instance:RunTest.TestUpdateAccount@28f3b248]" started-at="2022-12-14T22:47:02 ICT" name="ResetPassword" data-provider="getData" finished-at="2022-12-14T22:47:03 ICT" duration-ms="643" status="PASS">
          <params>
            <param index="0">
              <value>
                <![CDATA[[Ljava.lang.String;@195580ba]]>
              </value>
            </param>
          </params>
          <reporter-output>
          </reporter-output>
        </test-method> <!-- ResetPassword -->
        <test-method is-config="true" signature="ClearUsername()[pri:0, instance:RunTest.TestUpdateAccount@28f3b248]" started-at="2022-12-14T22:47:03 ICT" name="ClearUsername" finished-at="2022-12-14T22:47:03 ICT" duration-ms="43" status="PASS">
          <reporter-output>
          </reporter-output>
        </test-method> <!-- ClearUsername -->
        <test-method signature="ResetPassword([Ljava.lang.String;)[pri:1, instance:RunTest.TestUpdateAccount@28f3b248]" started-at="2022-12-14T22:47:03 ICT" name="ResetPassword" data-provider="getData" finished-at="2022-12-14T22:47:04 ICT" duration-ms="465" status="PASS">
          <params>
            <param index="0">
              <value>
                <![CDATA[[Ljava.lang.String;@3c25cfe1]]>
              </value>
            </param>
          </params>
          <reporter-output>
          </reporter-output>
        </test-method> <!-- ResetPassword -->
        <test-method is-config="true" signature="ClearUsername()[pri:0, instance:RunTest.TestUpdateAccount@28f3b248]" started-at="2022-12-14T22:47:04 ICT" name="ClearUsername" finished-at="2022-12-14T22:47:04 ICT" duration-ms="38" status="PASS">
          <reporter-output>
          </reporter-output>
        </test-method> <!-- ClearUsername -->
        <test-method is-config="true" signature="Quit()[pri:0, instance:RunTest.TestUpdateAccount@28f3b248]" started-at="2022-12-14T22:47:04 ICT" name="Quit" finished-at="2022-12-14T22:47:04 ICT" duration-ms="296" status="PASS">
          <reporter-output>
          </reporter-output>
        </test-method> <!-- Quit -->
      </class> <!-- RunTest.TestUpdateAccount -->
    </test> <!-- Default test -->
  </suite> <!-- Default suite -->
</testng-results>
