<?xml version="1.0" encoding="UTF-8"?>
<!-- Generated by org.testng.reporters.JUnitXMLReporter -->
<testsuite ignored="0" hostname="DODINHPHUQUI" failures="3" tests="14" name="Update Password" time="18.6" errors="0" timestamp="2022-12-14T18:37:23 ICT">
  <testcase classname="RunTest.TestUpdateAccount" name="ChangePassword" time="0.587">
    <failure type="java.lang.AssertionError" message="expected [Your login is required] but found [Your old password is required]">
      <![CDATA[java.lang.AssertionError: expected [Your login is required] but found [Your old password is required]
at RunTest.TestUpdateAccount.ChangePassword(TestUpdateAccount.java:53)
at java.base/java.util.ArrayList.forEach(ArrayList.java:1511)
... Removed 33 stack frames]]>
    </failure>
  </testcase> <!-- ChangePassword -->
  <testcase classname="RunTest.TestUpdateAccount" name="ChangePassword" time="0.453"/>
  <testcase classname="RunTest.TestUpdateAccount" name="ChangePassword" time="0.413">
    <failure type="java.lang.AssertionError" message="expected [Your login is required] but found [Passwords mismatch]">
      <![CDATA[java.lang.AssertionError: expected [Your login is required] but found [Passwords mismatch]
at RunTest.TestUpdateAccount.ChangePassword(TestUpdateAccount.java:53)
at java.base/java.util.ArrayList.forEach(ArrayList.java:1511)
... Removed 33 stack frames]]>
    </failure>
  </testcase> <!-- ChangePassword -->
  <testcase classname="RunTest.TestUpdateAccount" name="ChangePassword" time="0.489"/>
  <testcase classname="RunTest.TestUpdateAccount" name="ChangePassword" time="0.453"/>
  <testcase classname="RunTest.TestUpdateAccount" name="ChangePassword" time="0.44"/>
  <testcase classname="RunTest.TestUpdateAccount" name="ChangePassword" time="0.445"/>
  <testcase classname="RunTest.TestUpdateAccount" name="ChangePassword" time="0.469"/>
  <testcase classname="RunTest.TestUpdateAccount" name="ChangePassword" time="0.425"/>
  <testcase classname="RunTest.TestUpdateAccount" name="ResetPassword" time="0.47"/>
  <testcase classname="RunTest.TestUpdateAccount" name="ResetPassword" time="0.514"/>
  <testcase classname="RunTest.TestUpdateAccount" name="ResetPassword" time="0.547">
    <failure type="java.lang.AssertionError" message="expected [Login or password incorrect] but found [The alternative email address does not match the submitted user name]">
      <![CDATA[java.lang.AssertionError: expected [Login or password incorrect] but found [The alternative email address does not match the submitted user name]
at RunTest.TestUpdateAccount.ResetPassword(TestUpdateAccount.java:69)
at java.base/java.util.ArrayList.forEach(ArrayList.java:1511)
... Removed 33 stack frames]]>
    </failure>
  </testcase> <!-- ResetPassword -->
  <testcase classname="RunTest.TestUpdateAccount" name="ResetPassword" time="0.491"/>
  <testcase classname="RunTest.TestUpdateAccount" name="ResetPassword" time="0.533"/>
</testsuite> <!-- Update Password -->
