<?xml version="1.0" encoding="UTF-8"?>
<!-- Generated by org.testng.reporters.JUnitXMLReporter -->
<testsuite ignored="0" hostname="DODINHPHUQUI" failures="3" tests="14" name="Change Password" time="16.82" errors="0" timestamp="2022-12-14T17:52:01 ICT">
  <testcase classname="RunTest.TestUpdateAccount" name="ChangePassword" time="0.715">
    <failure type="java.lang.AssertionError" message="expected [Your login is required] but found [Your old password is required]">
      <![CDATA[java.lang.AssertionError: expected [Your login is required] but found [Your old password is required]
at RunTest.TestUpdateAccount.ChangePassword(TestUpdateAccount.java:53)
at java.base/java.util.ArrayList.forEach(ArrayList.java:1511)
... Removed 33 stack frames]]>
    </failure>
  </testcase> <!-- ChangePassword -->
  <testcase classname="RunTest.TestUpdateAccount" name="ChangePassword" time="0.579"/>
  <testcase classname="RunTest.TestUpdateAccount" name="ChangePassword" time="0.496">
    <failure type="java.lang.AssertionError" message="expected [Your login is required] but found [Passwords mismatch]">
      <![CDATA[java.lang.AssertionError: expected [Your login is required] but found [Passwords mismatch]
at RunTest.TestUpdateAccount.ChangePassword(TestUpdateAccount.java:53)
at java.base/java.util.ArrayList.forEach(ArrayList.java:1511)
... Removed 33 stack frames]]>
    </failure>
  </testcase> <!-- ChangePassword -->
  <testcase classname="RunTest.TestUpdateAccount" name="ChangePassword" time="0.627"/>
  <testcase classname="RunTest.TestUpdateAccount" name="ChangePassword" time="0.453"/>
  <testcase classname="RunTest.TestUpdateAccount" name="ChangePassword" time="0.496"/>
  <testcase classname="RunTest.TestUpdateAccount" name="ChangePassword" time="0.481"/>
  <testcase classname="RunTest.TestUpdateAccount" name="ChangePassword" time="0.515"/>
  <testcase classname="RunTest.TestUpdateAccount" name="ChangePassword" time="0.507"/>
  <testcase classname="RunTest.TestUpdateAccount" name="ResetPassword" time="0.525"/>
  <testcase classname="RunTest.TestUpdateAccount" name="ResetPassword" time="0.803"/>
  <testcase classname="RunTest.TestUpdateAccount" name="ResetPassword" time="0.689">
    <failure type="java.lang.AssertionError" message="expected [Login or password incorrect] but found [The alternative email address does not match the submitted user name]">
      <![CDATA[java.lang.AssertionError: expected [Login or password incorrect] but found [The alternative email address does not match the submitted user name]
at RunTest.TestUpdateAccount.ResetPassword(TestUpdateAccount.java:69)
at java.base/java.util.ArrayList.forEach(ArrayList.java:1511)
... Removed 33 stack frames]]>
    </failure>
  </testcase> <!-- ResetPassword -->
  <testcase classname="RunTest.TestUpdateAccount" name="ResetPassword" time="0.536"/>
  <testcase classname="RunTest.TestUpdateAccount" name="ResetPassword" time="0.507"/>
</testsuite> <!-- Change Password -->
