<?xml version="1.0" encoding="UTF-8"?>
<!-- Generated by org.testng.reporters.JUnitXMLReporter -->
<testsuite ignored="1" hostname="DODINHPHUQUI" failures="1" tests="5" name="Reset Password" time="24.667" errors="0" timestamp="2022-12-14T17:48:12 ICT">
  <testcase classname="RunTest.TestUpdateAccount" name="ResetPassword" time="14.488"/>
  <testcase classname="RunTest.TestUpdateAccount" name="ResetPassword" time="0.442"/>
  <testcase classname="RunTest.TestUpdateAccount" name="ResetPassword" time="0.771">
    <failure type="java.lang.AssertionError" message="expected [Login or password incorrect] but found [The alternative email address does not match the submitted user name]">
      <![CDATA[java.lang.AssertionError: expected [Login or password incorrect] but found [The alternative email address does not match the submitted user name]
at RunTest.TestUpdateAccount.ResetPassword(TestUpdateAccount.java:69)
at java.base/java.util.ArrayList.forEach(ArrayList.java:1511)
... Removed 33 stack frames]]>
    </failure>
  </testcase> <!-- ResetPassword -->
  <testcase classname="RunTest.TestUpdateAccount" name="ResetPassword" time="0.872"/>
  <testcase classname="RunTest.TestUpdateAccount" name="ResetPassword" time="0.766"/>
  <testcase classname="RunTest.TestUpdateAccount" name="ChangePassword" time="0.0">
    <ignored/>
  </testcase> <!-- ChangePassword -->
</testsuite> <!-- Reset Password -->
