<?xml version="1.0" encoding="UTF-8"?>
<!-- Generated by org.testng.reporters.JUnitXMLReporter -->
<testsuite ignored="0" hostname="DODINHPHUQUI" failures="0" tests="11" name="Test Demo 2" time="9.779" errors="0" timestamp="2022-12-10T22:14:51 ICT">
  <testcase classname="NewTest" name="ChangePassword" time="0.651"/>
  <testcase classname="NewTest" name="ChangePassword" time="0.414"/>
  <testcase classname="NewTest" name="ChangePassword" time="0.52"/>
  <testcase classname="NewTest" name="ChangePassword" time="0.534"/>
  <testcase classname="NewTest" name="ChangePassword" time="0.503"/>
  <testcase classname="NewTest" name="ChangePassword" time="0.479"/>
  <testcase classname="NewTest" name="ChangePassword" time="0.558"/>
  <testcase classname="NewTest" name="ChangePassword" time="0.49"/>
  <testcase classname="NewTest" name="ChangePassword" time="0.482"/>
  <testcase classname="NewTest" name="ResetPassword" time="0.572"/>
  <testcase classname="NewTest" name="ResetPassword" time="0.667"/>
</testsuite> <!-- Test Demo 2 -->
