<?xml version="1.0" encoding="UTF-8"?>
<!-- Generated by org.testng.reporters.JUnitXMLReporter -->
<testsuite ignored="1" hostname="DODINHPHUQUI" failures="2" tests="9" name="Automation Testing" time="14.606" errors="0" timestamp="2022-12-14T17:47:48 ICT">
  <testcase classname="RunTest.TestUpdateAccount" name="ChangePassword" time="0.632">
    <failure type="java.lang.AssertionError" message="expected [Your login is required] but found [Your old password is required]">
      <![CDATA[java.lang.AssertionError: expected [Your login is required] but found [Your old password is required]
at RunTest.TestUpdateAccount.ChangePassword(TestUpdateAccount.java:53)
at java.base/java.util.ArrayList.forEach(ArrayList.java:1511)
... Removed 33 stack frames]]>
    </failure>
  </testcase> <!-- ChangePassword -->
  <testcase classname="RunTest.TestUpdateAccount" name="ChangePassword" time="0.51"/>
  <testcase classname="RunTest.TestUpdateAccount" name="ChangePassword" time="0.466">
    <failure type="java.lang.AssertionError" message="expected [Your login is required] but found [Passwords mismatch]">
      <![CDATA[java.lang.AssertionError: expected [Your login is required] but found [Passwords mismatch]
at RunTest.TestUpdateAccount.ChangePassword(TestUpdateAccount.java:53)
at java.base/java.util.ArrayList.forEach(ArrayList.java:1511)
... Removed 33 stack frames]]>
    </failure>
  </testcase> <!-- ChangePassword -->
  <testcase classname="RunTest.TestUpdateAccount" name="ChangePassword" time="0.526"/>
  <testcase classname="RunTest.TestUpdateAccount" name="ChangePassword" time="0.457"/>
  <testcase classname="RunTest.TestUpdateAccount" name="ChangePassword" time="0.484"/>
  <testcase classname="RunTest.TestUpdateAccount" name="ChangePassword" time="0.502"/>
  <testcase classname="RunTest.TestUpdateAccount" name="ChangePassword" time="0.494"/>
  <testcase classname="RunTest.TestUpdateAccount" name="ChangePassword" time="0.465"/>
  <testcase classname="RunTest.TestUpdateAccount" name="ResetPassword" time="0.0">
    <ignored/>
  </testcase> <!-- ResetPassword -->
</testsuite> <!-- Automation Testing -->
